0 info it worked if it ends with ok
1 verbose cli [ '/Users/mac/.nvm/versions/node/v6.11.2/bin/node',
1 verbose cli   '/Users/mac/.nvm/versions/node/v6.11.2/bin/npm',
1 verbose cli   'publish' ]
2 info using npm@3.10.10
3 info using node@v6.11.2
4 verbose publish [ '.' ]
5 silly cache add args [ '.', null ]
6 verbose cache add spec .
7 silly cache add parsed spec Result {
7 silly cache add   raw: '.',
7 silly cache add   scope: null,
7 silly cache add   escapedName: null,
7 silly cache add   name: null,
7 silly cache add   rawSpec: '.',
7 silly cache add   spec: '/Users/mac/Github/jsts-es',
7 silly cache add   type: 'directory' }
8 verbose addLocalDirectory /Users/mac/.npm/jsts-es/1.5.3/package.tgz not in flight; packing
9 verbose correctMkdir /Users/mac/.npm correctMkdir not in flight; initializing
10 info lifecycle jsts-es@1.5.3~prepublish: jsts-es@1.5.3
11 silly lifecycle jsts-es@1.5.3~prepublish: no script for prepublish, continuing
12 verbose tar pack [ '/Users/mac/.npm/jsts-es/1.5.3/package.tgz',
12 verbose tar pack   '/Users/mac/Github/jsts-es' ]
13 verbose tarball /Users/mac/.npm/jsts-es/1.5.3/package.tgz
14 verbose folder /Users/mac/Github/jsts-es
15 verbose addLocalTarball adding from inside cache /Users/mac/.npm/jsts-es/1.5.3/package.tgz
16 verbose correctMkdir /Users/mac/.npm correctMkdir not in flight; initializing
17 silly cache afterAdd jsts-es@1.5.3
18 verbose afterAdd /Users/mac/.npm/jsts-es/1.5.3/package/package.json not in flight; writing
19 verbose correctMkdir /Users/mac/.npm correctMkdir not in flight; initializing
20 verbose afterAdd /Users/mac/.npm/jsts-es/1.5.3/package/package.json written
21 silly publish { name: 'jsts-es',
21 silly publish   description: 'A JavaScript library of spatial predicates and functions for processing geometry',
21 silly publish   version: '1.5.3',
21 silly publish   author: { name: 'Björn Harrtell', email: 'bjorn@wololo.org' },
21 silly publish   contributors: [ { name: 'Denis Carriere', email: '@DenisCarriere' } ],
21 silly publish   main: 'main',
21 silly publish   module: 'index',
21 silly publish   'jsnext:main': 'index',
21 silly publish   files: [ 'index.js', 'main.js', 'src' ],
21 silly publish   scripts: { publish: 'rollup -c', test: 'node test.js' },
21 silly publish   keywords: [ 'JSTS', 'JavaScript', 'JTS', 'Java', 'Topology', 'Geometry' ],
21 silly publish   license: '(EDL-1.0 OR EPL-1.0)',
21 silly publish   devDependencies:
21 silly publish    { 'babel-core': '*',
21 silly publish      'babel-plugin-external-helpers': '*',
21 silly publish      'babel-preset-env': '*',
21 silly publish      rollup: '*',
21 silly publish      'rollup-plugin-babel': '*',
21 silly publish      tape: '*' },
21 silly publish   readme: '# JSTS ES Modules\n\n[`JSTS`](https://github.com/bjornharrtell/jsts) with ES Module support exposed at root level.\n\n```bash\n$ yarn add jsts-es\n```\n',
21 silly publish   readmeFilename: 'README.md',
21 silly publish   gitHead: 'a61fa8d4fba0bef323bcaaa8b2b0d654961912a0',
21 silly publish   _id: 'jsts-es@1.5.3',
21 silly publish   _shasum: '76cd56fda418b34ce30686848c78298a1d698476',
21 silly publish   _from: '.' }
22 verbose getPublishConfig undefined
23 silly mapToRegistry name jsts-es
24 silly mapToRegistry using default registry
25 silly mapToRegistry registry https://registry.npmjs.org/
26 silly mapToRegistry data Result {
26 silly mapToRegistry   raw: 'jsts-es',
26 silly mapToRegistry   scope: null,
26 silly mapToRegistry   escapedName: 'jsts-es',
26 silly mapToRegistry   name: 'jsts-es',
26 silly mapToRegistry   rawSpec: '',
26 silly mapToRegistry   spec: 'latest',
26 silly mapToRegistry   type: 'tag' }
27 silly mapToRegistry uri https://registry.npmjs.org/jsts-es
28 verbose publish registryBase https://registry.npmjs.org/
29 silly publish uploading /Users/mac/.npm/jsts-es/1.5.3/package.tgz
30 verbose request uri https://registry.npmjs.org/jsts-es
31 verbose request sending authorization for write operation
32 info attempt registry request try #1 at 10:57:53 AM
33 verbose request using bearer token for auth
34 verbose request id 6fbf7ca8f43c6e46
35 http request PUT https://registry.npmjs.org/jsts-es
36 http 403 https://registry.npmjs.org/jsts-es
37 verbose headers { 'content-type': 'application/json',
37 verbose headers   'cache-control': 'max-age=300',
37 verbose headers   'content-length': '91',
37 verbose headers   'accept-ranges': 'bytes',
37 verbose headers   date: 'Wed, 01 Nov 2017 14:57:53 GMT',
37 verbose headers   via: '1.1 varnish',
37 verbose headers   connection: 'keep-alive',
37 verbose headers   'x-served-by': 'cache-yyz8320-YYZ',
37 verbose headers   'x-cache': 'MISS',
37 verbose headers   'x-cache-hits': '0',
37 verbose headers   'x-timer': 'S1509548273.605132,VS0,VE638',
37 verbose headers   vary: 'Accept-Encoding, Accept' }
38 verbose request invalidating /Users/mac/.npm/registry.npmjs.org/jsts-es on PUT
39 error publish Failed PUT 403
40 verbose stack Error: You cannot publish over the previously published version 1.5.3. : jsts-es
40 verbose stack     at makeError (/Users/mac/.nvm/versions/node/v6.11.2/lib/node_modules/npm/node_modules/npm-registry-client/lib/request.js:302:12)
40 verbose stack     at CachingRegistryClient.<anonymous> (/Users/mac/.nvm/versions/node/v6.11.2/lib/node_modules/npm/node_modules/npm-registry-client/lib/request.js:290:14)
40 verbose stack     at Request._callback (/Users/mac/.nvm/versions/node/v6.11.2/lib/node_modules/npm/node_modules/npm-registry-client/lib/request.js:210:14)
40 verbose stack     at Request.self.callback (/Users/mac/.nvm/versions/node/v6.11.2/lib/node_modules/npm/node_modules/request/request.js:187:22)
40 verbose stack     at emitTwo (events.js:106:13)
40 verbose stack     at Request.emit (events.js:191:7)
40 verbose stack     at Request.<anonymous> (/Users/mac/.nvm/versions/node/v6.11.2/lib/node_modules/npm/node_modules/request/request.js:1048:10)
40 verbose stack     at emitOne (events.js:96:13)
40 verbose stack     at Request.emit (events.js:188:7)
40 verbose stack     at IncomingMessage.<anonymous> (/Users/mac/.nvm/versions/node/v6.11.2/lib/node_modules/npm/node_modules/request/request.js:969:12)
41 verbose statusCode 403
42 verbose pkgid jsts-es
43 verbose cwd /Users/mac/Github/jsts-es
44 error Darwin 16.7.0
45 error argv "/Users/mac/.nvm/versions/node/v6.11.2/bin/node" "/Users/mac/.nvm/versions/node/v6.11.2/bin/npm" "publish"
46 error node v6.11.2
47 error npm  v3.10.10
48 error code E403
49 error You cannot publish over the previously published version 1.5.3. : jsts-es
50 error If you need help, you may report this error at:
50 error     <https://github.com/npm/npm/issues>
51 verbose exit [ 1, true ]
